2025-02-22 23:39:39,858 - {"requesting_user": "ll", "recommended_user": "sarahperez", "score": 0.0, "criteria": {"hashtag_similarity": 0.0, "common_subscriptions": 0, "interactions": 0.0, "interest_similarity": 0}}
2025-02-22 23:39:39,870 - {"requesting_user": "ll", "recommended_user": "arnoldronald", "score": 0.0, "criteria": {"hashtag_similarity": 0.0, "common_subscriptions": 0, "interactions": 0.0, "interest_similarity": 0}}
2025-02-22 23:39:39,887 - {"requesting_user": "ll", "recommended_user": "mlane", "score": 0.0, "criteria": {"hashtag_similarity": 0.0, "common_subscriptions": 0, "interactions": 0.0, "interest_similarity": 0}}
2025-02-22 23:39:39,898 - {"requesting_user": "ll", "recommended_user": "johnbutler", "score": 0.0, "criteria": {"hashtag_similarity": 0.0, "common_subscriptions": 0, "interactions": 0.0, "interest_similarity": 0}}
2025-02-22 23:39:39,909 - {"requesting_user": "ll", "recommended_user": "averykimberly", "score": 0.0, "criteria": {"hashtag_similarity": 0.0, "common_subscriptions": 0, "interactions": 0.0, "interest_similarity": 0}}
2025-02-22 23:39:39,925 - {"requesting_user": "ll", "recommended_user": "kwhite", "score": 0.0, "criteria": {"hashtag_similarity": 0.0, "common_subscriptions": 0, "interactions": 0.0, "interest_similarity": 0}}
2025-02-22 23:39:39,938 - {"requesting_user": "ll", "recommended_user": "csteele", "score": 0.0, "criteria": {"hashtag_similarity": 0.0, "common_subscriptions": 0, "interactions": 0.0, "interest_similarity": 0}}
2025-02-22 23:39:39,955 - {"requesting_user": "ll", "recommended_user": "hwashington", "score": 0.035714285714285726, "criteria": {"hashtag_similarity": 0.035714285714285726, "common_subscriptions": 0, "interactions": 0.0, "interest_similarity": 0}}
2025-02-22 23:39:39,967 - {"requesting_user": "ll", "recommended_user": "zsmith", "score": 0.0, "criteria": {"hashtag_similarity": 0.0, "common_subscriptions": 0, "interactions": 0.0, "interest_similarity": 0}}
2025-02-22 23:39:39,978 - {"requesting_user": "ll", "recommended_user": "alvaradoanthony", "score": 0.0, "criteria": {"hashtag_similarity": 0.0, "common_subscriptions": 0, "interactions": 0.0, "interest_similarity": 0}}
2025-02-22 23:39:39,991 - {"requesting_user": "ll", "recommended_user": "santosshannon", "score": 0.0, "criteria": {"hashtag_similarity": 0.0, "common_subscriptions": 0, "interactions": 0.0, "interest_similarity": 0}}
2025-02-22 23:39:40,002 - {"requesting_user": "ll", "recommended_user": "gordonlucas", "score": 0.0, "criteria": {"hashtag_similarity": 0.0, "common_subscriptions": 0, "interactions": 0.0, "interest_similarity": 0}}
2025-02-22 23:39:40,015 - {"requesting_user": "ll", "recommended_user": "lisamoreno", "score": 0.0, "criteria": {"hashtag_similarity": 0.0, "common_subscriptions": 0, "interactions": 0.0, "interest_similarity": 0}}
2025-02-22 23:39:40,028 - {"requesting_user": "ll", "recommended_user": "hpeck", "score": 0.0, "criteria": {"hashtag_similarity": 0.0, "common_subscriptions": 0, "interactions": 0.0, "interest_similarity": 0}}
2025-02-22 23:39:40,039 - {"requesting_user": "ll", "recommended_user": "zcline", "score": 0.0, "criteria": {"hashtag_similarity": 0.0, "common_subscriptions": 0, "interactions": 0.0, "interest_similarity": 0}}
2025-02-22 23:39:40,052 - {"requesting_user": "ll", "recommended_user": "aturner", "score": 0.035714285714285726, "criteria": {"hashtag_similarity": 0.035714285714285726, "common_subscriptions": 0, "interactions": 0.0, "interest_similarity": 0}}
2025-02-22 23:39:40,065 - {"requesting_user": "ll", "recommended_user": "campospatrick", "score": 0.0, "criteria": {"hashtag_similarity": 0.0, "common_subscriptions": 0, "interactions": 0.0, "interest_similarity": 0}}
2025-02-22 23:39:40,077 - {"requesting_user": "ll", "recommended_user": "hschmidt", "score": 0.0, "criteria": {"hashtag_similarity": 0.0, "common_subscriptions": 0, "interactions": 0.0, "interest_similarity": 0}}
2025-02-22 23:39:40,089 - {"requesting_user": "ll", "recommended_user": "richard10", "score": 0.0, "criteria": {"hashtag_similarity": 0.0, "common_subscriptions": 0, "interactions": 0.0, "interest_similarity": 0}}
2025-02-22 23:39:40,103 - {"requesting_user": "ll", "recommended_user": "mcdanielcurtis", "score": 0.0, "criteria": {"hashtag_similarity": 0.0, "common_subscriptions": 0, "interactions": 0.0, "interest_similarity": 0}}
2025-02-22 23:39:40,116 - {"requesting_user": "ll", "recommended_user": "pattonjeff", "score": 0.0, "criteria": {"hashtag_similarity": 0.0, "common_subscriptions": 0, "interactions": 0.0, "interest_similarity": 0}}
2025-02-22 23:39:40,128 - {"requesting_user": "ll", "recommended_user": "terryrachael", "score": 0.0, "criteria": {"hashtag_similarity": 0.0, "common_subscriptions": 0, "interactions": 0.0, "interest_similarity": 0}}
2025-02-22 23:39:40,140 - {"requesting_user": "ll", "recommended_user": "kevin28", "score": 0.035714285714285726, "criteria": {"hashtag_similarity": 0.035714285714285726, "common_subscriptions": 0, "interactions": 0.0, "interest_similarity": 0}}
2025-02-22 23:39:40,155 - {"requesting_user": "ll", "recommended_user": "michaelcarson", "score": 0.0, "criteria": {"hashtag_similarity": 0.0, "common_subscriptions": 0, "interactions": 0.0, "interest_similarity": 0}}
2025-02-22 23:39:40,164 - {"requesting_user": "ll", "recommended_user": "fletchercrystal", "score": 0.0, "criteria": {"hashtag_similarity": 0.0, "common_subscriptions": 0, "interactions": 0.0, "interest_similarity": 0}}
2025-02-22 23:39:40,178 - {"requesting_user": "ll", "recommended_user": "bradley14", "score": 0.0, "criteria": {"hashtag_similarity": 0.0, "common_subscriptions": 0, "interactions": 0.0, "interest_similarity": 0}}
2025-02-22 23:39:40,193 - {"requesting_user": "ll", "recommended_user": "mrobinson", "score": 0.0, "criteria": {"hashtag_similarity": 0.0, "common_subscriptions": 0, "interactions": 0.0, "interest_similarity": 0}}
2025-02-22 23:39:40,206 - {"requesting_user": "ll", "recommended_user": "kproctor", "score": 0.0, "criteria": {"hashtag_similarity": 0.0, "common_subscriptions": 0, "interactions": 0.0, "interest_similarity": 0}}
2025-02-22 23:39:40,219 - {"requesting_user": "ll", "recommended_user": "james65", "score": 0.0, "criteria": {"hashtag_similarity": 0.0, "common_subscriptions": 0, "interactions": 0.0, "interest_similarity": 0}}
2025-02-22 23:39:40,232 - {"requesting_user": "ll", "recommended_user": "lindsey64", "score": 0.0, "criteria": {"hashtag_similarity": 0.0, "common_subscriptions": 0, "interactions": 0.0, "interest_similarity": 0}}
2025-02-22 23:39:40,245 - {"requesting_user": "ll", "recommended_user": "greenjeffrey", "score": 0.0, "criteria": {"hashtag_similarity": 0.0, "common_subscriptions": 0, "interactions": 0.0, "interest_similarity": 0}}
2025-02-22 23:39:40,259 - {"requesting_user": "ll", "recommended_user": "jamiecoleman", "score": 0.0, "criteria": {"hashtag_similarity": 0.0, "common_subscriptions": 0, "interactions": 0.0, "interest_similarity": 0}}
2025-02-22 23:39:40,271 - {"requesting_user": "ll", "recommended_user": "ejohnson", "score": 0.0, "criteria": {"hashtag_similarity": 0.0, "common_subscriptions": 0, "interactions": 0.0, "interest_similarity": 0}}
2025-02-22 23:39:40,285 - {"requesting_user": "ll", "recommended_user": "cmeyer", "score": 0.0, "criteria": {"hashtag_similarity": 0.0, "common_subscriptions": 0, "interactions": 0.0, "interest_similarity": 0}}
2025-02-22 23:39:40,301 - {"requesting_user": "ll", "recommended_user": "danny17", "score": 0.0, "criteria": {"hashtag_similarity": 0.0, "common_subscriptions": 0, "interactions": 0.0, "interest_similarity": 0}}
2025-02-22 23:39:40,311 - {"requesting_user": "ll", "recommended_user": "arthuracosta", "score": 0.0, "criteria": {"hashtag_similarity": 0.0, "common_subscriptions": 0, "interactions": 0.0, "interest_similarity": 0}}
2025-02-22 23:39:40,324 - {"requesting_user": "ll", "recommended_user": "vanessa35", "score": 0.0, "criteria": {"hashtag_similarity": 0.0, "common_subscriptions": 0, "interactions": 0.0, "interest_similarity": 0}}
2025-02-22 23:39:40,337 - {"requesting_user": "ll", "recommended_user": "thompsonjulia", "score": 0.0, "criteria": {"hashtag_similarity": 0.0, "common_subscriptions": 0, "interactions": 0.0, "interest_similarity": 0}}
2025-02-22 23:39:40,354 - {"requesting_user": "ll", "recommended_user": "david10", "score": 0.0, "criteria": {"hashtag_similarity": 0.0, "common_subscriptions": 0, "interactions": 0.0, "interest_similarity": 0}}
2025-02-22 23:39:40,364 - {"requesting_user": "ll", "recommended_user": "denisemartin", "score": 0.0, "criteria": {"hashtag_similarity": 0.0, "common_subscriptions": 0, "interactions": 0.0, "interest_similarity": 0}}
2025-02-22 23:39:40,375 - {"requesting_user": "ll", "recommended_user": "melvin23", "score": 0.0, "criteria": {"hashtag_similarity": 0.0, "common_subscriptions": 0, "interactions": 0.0, "interest_similarity": 0}}
2025-02-22 23:39:40,389 - {"requesting_user": "ll", "recommended_user": "ihood", "score": 0.0, "criteria": {"hashtag_similarity": 0.0, "common_subscriptions": 0, "interactions": 0.0, "interest_similarity": 0}}
2025-02-22 23:39:40,404 - {"requesting_user": "ll", "recommended_user": "crystalwilson", "score": 0.0, "criteria": {"hashtag_similarity": 0.0, "common_subscriptions": 0, "interactions": 0.0, "interest_similarity": 0}}
2025-02-22 23:39:40,418 - {"requesting_user": "ll", "recommended_user": "meyersdebbie", "score": 0.0, "criteria": {"hashtag_similarity": 0.0, "common_subscriptions": 0, "interactions": 0.0, "interest_similarity": 0}}
2025-02-22 23:39:40,429 - {"requesting_user": "ll", "recommended_user": "amberward", "score": 0.0, "criteria": {"hashtag_similarity": 0.0, "common_subscriptions": 0, "interactions": 0.0, "interest_similarity": 0}}
2025-02-22 23:39:40,442 - {"requesting_user": "ll", "recommended_user": "lewisalyssa", "score": 0.0, "criteria": {"hashtag_similarity": 0.0, "common_subscriptions": 0, "interactions": 0.0, "interest_similarity": 0}}
2025-02-22 23:39:40,457 - {"requesting_user": "ll", "recommended_user": "kmiller", "score": 0.0, "criteria": {"hashtag_similarity": 0.0, "common_subscriptions": 0, "interactions": 0.0, "interest_similarity": 0}}
2025-02-22 23:39:40,470 - {"requesting_user": "ll", "recommended_user": "meganbrown", "score": 0.0, "criteria": {"hashtag_similarity": 0.0, "common_subscriptions": 0, "interactions": 0.0, "interest_similarity": 0}}
2025-02-22 23:39:40,489 - {"requesting_user": "ll", "recommended_user": "weberkenneth", "score": 0.0, "criteria": {"hashtag_similarity": 0.0, "common_subscriptions": 0, "interactions": 0.0, "interest_similarity": 0}}
2025-02-22 23:39:40,501 - {"requesting_user": "ll", "recommended_user": "james94", "score": 0.0, "criteria": {"hashtag_similarity": 0.0, "common_subscriptions": 0, "interactions": 0.0, "interest_similarity": 0}}
2025-02-22 23:39:40,513 - {"requesting_user": "ll", "recommended_user": "jamesrichard", "score": 0.0, "criteria": {"hashtag_similarity": 0.0, "common_subscriptions": 0, "interactions": 0.0, "interest_similarity": 0}}
2025-02-22 23:39:40,526 - {"requesting_user": "ll", "recommended_user": "jenniferrosario", "score": 0.0, "criteria": {"hashtag_similarity": 0.0, "common_subscriptions": 0, "interactions": 0.0, "interest_similarity": 0}}
2025-02-22 23:39:40,537 - {"requesting_user": "ll", "recommended_user": "marilynwallace", "score": 0.0, "criteria": {"hashtag_similarity": 0.0, "common_subscriptions": 0, "interactions": 0.0, "interest_similarity": 0}}
2025-02-22 23:39:40,552 - {"requesting_user": "ll", "recommended_user": "leeamber", "score": 0.0, "criteria": {"hashtag_similarity": 0.0, "common_subscriptions": 0, "interactions": 0.0, "interest_similarity": 0}}
2025-02-22 23:39:40,565 - {"requesting_user": "ll", "recommended_user": "smiththeresa", "score": 0.0, "criteria": {"hashtag_similarity": 0.0, "common_subscriptions": 0, "interactions": 0.0, "interest_similarity": 0}}
2025-02-22 23:39:40,581 - {"requesting_user": "ll", "recommended_user": "robertsdylan", "score": 0.0, "criteria": {"hashtag_similarity": 0.0, "common_subscriptions": 0, "interactions": 0.0, "interest_similarity": 0}}
2025-02-22 23:39:40,600 - {"requesting_user": "ll", "recommended_user": "bmitchell", "score": 0.0, "criteria": {"hashtag_similarity": 0.0, "common_subscriptions": 0, "interactions": 0.0, "interest_similarity": 0}}
2025-02-22 23:39:40,617 - {"requesting_user": "ll", "recommended_user": "bergjennifer", "score": 0.0, "criteria": {"hashtag_similarity": 0.0, "common_subscriptions": 0, "interactions": 0.0, "interest_similarity": 0}}
2025-02-22 23:39:40,629 - {"requesting_user": "ll", "recommended_user": "qwhite", "score": 0.0, "criteria": {"hashtag_similarity": 0.0, "common_subscriptions": 0, "interactions": 0.0, "interest_similarity": 0}}
2025-02-22 23:39:40,638 - {"requesting_user": "ll", "recommended_user": "brandonhuff", "score": 0.0, "criteria": {"hashtag_similarity": 0.0, "common_subscriptions": 0, "interactions": 0.0, "interest_similarity": 0}}
2025-02-22 23:39:40,653 - {"requesting_user": "ll", "recommended_user": "kpowers", "score": 0.0, "criteria": {"hashtag_similarity": 0.0, "common_subscriptions": 0, "interactions": 0.0, "interest_similarity": 0}}
2025-02-22 23:39:40,665 - {"requesting_user": "ll", "recommended_user": "jameshernandez", "score": 0.0, "criteria": {"hashtag_similarity": 0.0, "common_subscriptions": 0, "interactions": 0.0, "interest_similarity": 0}}
2025-02-22 23:39:40,677 - {"requesting_user": "ll", "recommended_user": "bethanyrogers", "score": 0.0, "criteria": {"hashtag_similarity": 0.0, "common_subscriptions": 0, "interactions": 0.0, "interest_similarity": 0}}
2025-02-22 23:39:40,691 - {"requesting_user": "ll", "recommended_user": "rlopez", "score": 0.0, "criteria": {"hashtag_similarity": 0.0, "common_subscriptions": 0, "interactions": 0.0, "interest_similarity": 0}}
2025-02-22 23:39:40,703 - {"requesting_user": "ll", "recommended_user": "tammycohen", "score": 0.0, "criteria": {"hashtag_similarity": 0.0, "common_subscriptions": 0, "interactions": 0.0, "interest_similarity": 0}}
2025-02-22 23:39:40,715 - {"requesting_user": "ll", "recommended_user": "michelledickson", "score": 0.0, "criteria": {"hashtag_similarity": 0.0, "common_subscriptions": 0, "interactions": 0.0, "interest_similarity": 0}}
2025-02-22 23:39:40,727 - {"requesting_user": "ll", "recommended_user": "john05", "score": 0.0, "criteria": {"hashtag_similarity": 0.0, "common_subscriptions": 0, "interactions": 0.0, "interest_similarity": 0}}
2025-02-22 23:39:40,739 - {"requesting_user": "ll", "recommended_user": "fmarquez", "score": 0.0, "criteria": {"hashtag_similarity": 0.0, "common_subscriptions": 0, "interactions": 0.0, "interest_similarity": 0}}
2025-02-22 23:39:40,754 - {"requesting_user": "ll", "recommended_user": "amills", "score": 0.0, "criteria": {"hashtag_similarity": 0.0, "common_subscriptions": 0, "interactions": 0.0, "interest_similarity": 0}}
2025-02-22 23:39:40,766 - {"requesting_user": "ll", "recommended_user": "qnichols", "score": 0.0, "criteria": {"hashtag_similarity": 0.0, "common_subscriptions": 0, "interactions": 0.0, "interest_similarity": 0}}
2025-02-22 23:39:40,780 - {"requesting_user": "ll", "recommended_user": "pamela50", "score": 0.0, "criteria": {"hashtag_similarity": 0.0, "common_subscriptions": 0, "interactions": 0.0, "interest_similarity": 0}}
2025-02-22 23:39:40,795 - {"requesting_user": "ll", "recommended_user": "kchandler", "score": 0.0, "criteria": {"hashtag_similarity": 0.0, "common_subscriptions": 0, "interactions": 0.0, "interest_similarity": 0}}
2025-02-22 23:39:40,809 - {"requesting_user": "ll", "recommended_user": "wbailey", "score": 0.0, "criteria": {"hashtag_similarity": 0.0, "common_subscriptions": 0, "interactions": 0.0, "interest_similarity": 0}}
2025-02-22 23:39:40,823 - {"requesting_user": "ll", "recommended_user": "csmith", "score": 0.0, "criteria": {"hashtag_similarity": 0.0, "common_subscriptions": 0, "interactions": 0.0, "interest_similarity": 0}}
2025-02-22 23:39:40,837 - {"requesting_user": "ll", "recommended_user": "andrew80", "score": 0.0, "criteria": {"hashtag_similarity": 0.0, "common_subscriptions": 0, "interactions": 0.0, "interest_similarity": 0}}
2025-02-22 23:39:40,851 - {"requesting_user": "ll", "recommended_user": "svillanueva", "score": 0.0, "criteria": {"hashtag_similarity": 0.0, "common_subscriptions": 0, "interactions": 0.0, "interest_similarity": 0}}
2025-02-22 23:39:40,865 - {"requesting_user": "ll", "recommended_user": "clintoncarey", "score": 0.0, "criteria": {"hashtag_similarity": 0.0, "common_subscriptions": 0, "interactions": 0.0, "interest_similarity": 0}}
2025-02-22 23:39:40,882 - {"requesting_user": "ll", "recommended_user": "robertmack", "score": 0.0, "criteria": {"hashtag_similarity": 0.0, "common_subscriptions": 0, "interactions": 0.0, "interest_similarity": 0}}
2025-02-22 23:39:40,896 - {"requesting_user": "ll", "recommended_user": "kevin07", "score": 0.0, "criteria": {"hashtag_similarity": 0.0, "common_subscriptions": 0, "interactions": 0.0, "interest_similarity": 0}}
2025-02-22 23:39:40,908 - {"requesting_user": "ll", "recommended_user": "mmiller", "score": 0.0, "criteria": {"hashtag_similarity": 0.0, "common_subscriptions": 0, "interactions": 0.0, "interest_similarity": 0}}
2025-02-22 23:39:40,925 - {"requesting_user": "ll", "recommended_user": "aholden", "score": 0.0, "criteria": {"hashtag_similarity": 0.0, "common_subscriptions": 0, "interactions": 0.0, "interest_similarity": 0}}
2025-02-22 23:39:40,936 - {"requesting_user": "ll", "recommended_user": "zsimmons", "score": 0.0, "criteria": {"hashtag_similarity": 0.0, "common_subscriptions": 0, "interactions": 0.0, "interest_similarity": 0}}
2025-02-22 23:39:40,951 - {"requesting_user": "ll", "recommended_user": "ashley29", "score": 0.0, "criteria": {"hashtag_similarity": 0.0, "common_subscriptions": 0, "interactions": 0.0, "interest_similarity": 0}}
2025-02-22 23:39:40,963 - {"requesting_user": "ll", "recommended_user": "zday", "score": 0.0, "criteria": {"hashtag_similarity": 0.0, "common_subscriptions": 0, "interactions": 0.0, "interest_similarity": 0}}
2025-02-22 23:39:40,974 - {"requesting_user": "ll", "recommended_user": "daniellelambert", "score": 0.0, "criteria": {"hashtag_similarity": 0.0, "common_subscriptions": 0, "interactions": 0.0, "interest_similarity": 0}}
2025-02-22 23:39:40,987 - {"requesting_user": "ll", "recommended_user": "duncandale", "score": 0.0, "criteria": {"hashtag_similarity": 0.0, "common_subscriptions": 0, "interactions": 0.0, "interest_similarity": 0}}
2025-02-22 23:39:40,999 - {"requesting_user": "ll", "recommended_user": "kimberlyjones", "score": 0.0, "criteria": {"hashtag_similarity": 0.0, "common_subscriptions": 0, "interactions": 0.0, "interest_similarity": 0}}
2025-02-22 23:39:41,012 - {"requesting_user": "ll", "recommended_user": "jramsey", "score": 0.0, "criteria": {"hashtag_similarity": 0.0, "common_subscriptions": 0, "interactions": 0.0, "interest_similarity": 0}}
2025-02-22 23:39:41,026 - {"requesting_user": "ll", "recommended_user": "lisa03", "score": 0.0, "criteria": {"hashtag_similarity": 0.0, "common_subscriptions": 0, "interactions": 0.0, "interest_similarity": 0}}
2025-02-22 23:39:41,041 - {"requesting_user": "ll", "recommended_user": "michaelmorris", "score": 0.0, "criteria": {"hashtag_similarity": 0.0, "common_subscriptions": 0, "interactions": 0.0, "interest_similarity": 0}}
2025-02-22 23:39:41,058 - {"requesting_user": "ll", "recommended_user": "ibrooks", "score": 0.0, "criteria": {"hashtag_similarity": 0.0, "common_subscriptions": 0, "interactions": 0.0, "interest_similarity": 0}}
2025-02-22 23:39:41,078 - {"requesting_user": "ll", "recommended_user": "lriddle", "score": 0.0, "criteria": {"hashtag_similarity": 0.0, "common_subscriptions": 0, "interactions": 0.0, "interest_similarity": 0}}
2025-02-22 23:39:41,096 - {"requesting_user": "ll", "recommended_user": "alvarezashley", "score": 0.0, "criteria": {"hashtag_similarity": 0.0, "common_subscriptions": 0, "interactions": 0.0, "interest_similarity": 0}}
2025-02-22 23:39:41,120 - {"requesting_user": "ll", "recommended_user": "briansanchez", "score": 0.0, "criteria": {"hashtag_similarity": 0.0, "common_subscriptions": 0, "interactions": 0.0, "interest_similarity": 0}}
2025-02-22 23:39:41,138 - {"requesting_user": "ll", "recommended_user": "qjohnson", "score": 0.0, "criteria": {"hashtag_similarity": 0.0, "common_subscriptions": 0, "interactions": 0.0, "interest_similarity": 0}}
2025-02-22 23:39:41,155 - {"requesting_user": "ll", "recommended_user": "martinbailey", "score": 0.0, "criteria": {"hashtag_similarity": 0.0, "common_subscriptions": 0, "interactions": 0.0, "interest_similarity": 0}}
2025-02-22 23:39:41,174 - {"requesting_user": "ll", "recommended_user": "clairerodriguez", "score": 0.0, "criteria": {"hashtag_similarity": 0.0, "common_subscriptions": 0, "interactions": 0.0, "interest_similarity": 0}}
2025-02-22 23:39:41,195 - {"requesting_user": "ll", "recommended_user": "tonya74", "score": 0.0, "criteria": {"hashtag_similarity": 0.0, "common_subscriptions": 0, "interactions": 0.0, "interest_similarity": 0}}
2025-02-22 23:39:41,213 - {"requesting_user": "ll", "recommended_user": "karen07", "score": 0.0, "criteria": {"hashtag_similarity": 0.0, "common_subscriptions": 0, "interactions": 0.0, "interest_similarity": 0}}
2025-02-22 23:39:41,233 - {"requesting_user": "ll", "recommended_user": "matthewclark", "score": 0.0, "criteria": {"hashtag_similarity": 0.0, "common_subscriptions": 0, "interactions": 0.0, "interest_similarity": 0}}
2025-02-23 00:06:24,601 - {"requesting_user": "ll", "recommended_user": "sarahperez", "score": 0.0, "criteria": {"hashtag_similarity": 0.0, "common_subscriptions": 0, "interactions": 0.0, "interest_similarity": 0}}
2025-02-23 00:06:24,611 - {"requesting_user": "ll", "recommended_user": "arnoldronald", "score": 0.0, "criteria": {"hashtag_similarity": 0.0, "common_subscriptions": 0, "interactions": 0.0, "interest_similarity": 0}}
2025-02-23 00:06:24,624 - {"requesting_user": "ll", "recommended_user": "mlane", "score": 0.0, "criteria": {"hashtag_similarity": 0.0, "common_subscriptions": 0, "interactions": 0.0, "interest_similarity": 0}}
2025-02-23 00:06:24,644 - {"requesting_user": "ll", "recommended_user": "johnbutler", "score": 0.0, "criteria": {"hashtag_similarity": 0.0, "common_subscriptions": 0, "interactions": 0.0, "interest_similarity": 0}}
2025-02-23 00:06:24,663 - {"requesting_user": "ll", "recommended_user": "averykimberly", "score": 0.0, "criteria": {"hashtag_similarity": 0.0, "common_subscriptions": 0, "interactions": 0.0, "interest_similarity": 0}}
2025-02-23 00:06:24,684 - {"requesting_user": "ll", "recommended_user": "kwhite", "score": 0.0, "criteria": {"hashtag_similarity": 0.0, "common_subscriptions": 0, "interactions": 0.0, "interest_similarity": 0}}
2025-02-23 00:06:24,701 - {"requesting_user": "ll", "recommended_user": "csteele", "score": 0.0, "criteria": {"hashtag_similarity": 0.0, "common_subscriptions": 0, "interactions": 0.0, "interest_similarity": 0}}
2025-02-23 00:06:24,726 - {"requesting_user": "ll", "recommended_user": "hwashington", "score": 0.035714285714285726, "criteria": {"hashtag_similarity": 0.035714285714285726, "common_subscriptions": 0, "interactions": 0.0, "interest_similarity": 0}}
2025-02-23 00:06:24,744 - {"requesting_user": "ll", "recommended_user": "zsmith", "score": 0.0, "criteria": {"hashtag_similarity": 0.0, "common_subscriptions": 0, "interactions": 0.0, "interest_similarity": 0}}
2025-02-23 00:06:24,763 - {"requesting_user": "ll", "recommended_user": "alvaradoanthony", "score": 0.0, "criteria": {"hashtag_similarity": 0.0, "common_subscriptions": 0, "interactions": 0.0, "interest_similarity": 0}}
2025-02-23 00:06:24,783 - {"requesting_user": "ll", "recommended_user": "santosshannon", "score": 0.0, "criteria": {"hashtag_similarity": 0.0, "common_subscriptions": 0, "interactions": 0.0, "interest_similarity": 0}}
2025-02-23 00:06:24,803 - {"requesting_user": "ll", "recommended_user": "gordonlucas", "score": 0.0, "criteria": {"hashtag_similarity": 0.0, "common_subscriptions": 0, "interactions": 0.0, "interest_similarity": 0}}
2025-02-23 00:06:24,826 - {"requesting_user": "ll", "recommended_user": "lisamoreno", "score": 0.0, "criteria": {"hashtag_similarity": 0.0, "common_subscriptions": 0, "interactions": 0.0, "interest_similarity": 0}}
2025-02-23 00:06:24,849 - {"requesting_user": "ll", "recommended_user": "hpeck", "score": 0.0, "criteria": {"hashtag_similarity": 0.0, "common_subscriptions": 0, "interactions": 0.0, "interest_similarity": 0}}
2025-02-23 00:06:24,870 - {"requesting_user": "ll", "recommended_user": "zcline", "score": 0.0, "criteria": {"hashtag_similarity": 0.0, "common_subscriptions": 0, "interactions": 0.0, "interest_similarity": 0}}
2025-02-23 00:06:24,901 - {"requesting_user": "ll", "recommended_user": "aturner", "score": 0.035714285714285726, "criteria": {"hashtag_similarity": 0.035714285714285726, "common_subscriptions": 0, "interactions": 0.0, "interest_similarity": 0}}
2025-02-23 00:06:24,930 - {"requesting_user": "ll", "recommended_user": "campospatrick", "score": 0.0, "criteria": {"hashtag_similarity": 0.0, "common_subscriptions": 0, "interactions": 0.0, "interest_similarity": 0}}
2025-02-23 00:06:24,945 - {"requesting_user": "ll", "recommended_user": "hschmidt", "score": 0.0, "criteria": {"hashtag_similarity": 0.0, "common_subscriptions": 0, "interactions": 0.0, "interest_similarity": 0}}
2025-02-23 00:06:24,963 - {"requesting_user": "ll", "recommended_user": "richard10", "score": 0.0, "criteria": {"hashtag_similarity": 0.0, "common_subscriptions": 0, "interactions": 0.0, "interest_similarity": 0}}
2025-02-23 00:06:24,979 - {"requesting_user": "ll", "recommended_user": "mcdanielcurtis", "score": 0.0, "criteria": {"hashtag_similarity": 0.0, "common_subscriptions": 0, "interactions": 0.0, "interest_similarity": 0}}
2025-02-23 00:06:24,998 - {"requesting_user": "ll", "recommended_user": "pattonjeff", "score": 0.0, "criteria": {"hashtag_similarity": 0.0, "common_subscriptions": 0, "interactions": 0.0, "interest_similarity": 0}}
2025-02-23 00:06:25,023 - {"requesting_user": "ll", "recommended_user": "terryrachael", "score": 0.0, "criteria": {"hashtag_similarity": 0.0, "common_subscriptions": 0, "interactions": 0.0, "interest_similarity": 0}}
2025-02-23 00:06:25,045 - {"requesting_user": "ll", "recommended_user": "kevin28", "score": 0.035714285714285726, "criteria": {"hashtag_similarity": 0.035714285714285726, "common_subscriptions": 0, "interactions": 0.0, "interest_similarity": 0}}
2025-02-23 00:06:25,066 - {"requesting_user": "ll", "recommended_user": "michaelcarson", "score": 0.0, "criteria": {"hashtag_similarity": 0.0, "common_subscriptions": 0, "interactions": 0.0, "interest_similarity": 0}}
2025-02-23 00:06:25,083 - {"requesting_user": "ll", "recommended_user": "fletchercrystal", "score": 0.0, "criteria": {"hashtag_similarity": 0.0, "common_subscriptions": 0, "interactions": 0.0, "interest_similarity": 0}}
2025-02-23 00:06:25,100 - {"requesting_user": "ll", "recommended_user": "bradley14", "score": 0.0, "criteria": {"hashtag_similarity": 0.0, "common_subscriptions": 0, "interactions": 0.0, "interest_similarity": 0}}
2025-02-23 00:06:25,126 - {"requesting_user": "ll", "recommended_user": "mrobinson", "score": 0.0, "criteria": {"hashtag_similarity": 0.0, "common_subscriptions": 0, "interactions": 0.0, "interest_similarity": 0}}
2025-02-23 00:06:25,137 - {"requesting_user": "ll", "recommended_user": "kproctor", "score": 0.0, "criteria": {"hashtag_similarity": 0.0, "common_subscriptions": 0, "interactions": 0.0, "interest_similarity": 0}}
2025-02-23 00:06:25,161 - {"requesting_user": "ll", "recommended_user": "james65", "score": 0.0, "criteria": {"hashtag_similarity": 0.0, "common_subscriptions": 0, "interactions": 0.0, "interest_similarity": 0}}
2025-02-23 00:06:25,180 - {"requesting_user": "ll", "recommended_user": "lindsey64", "score": 0.0, "criteria": {"hashtag_similarity": 0.0, "common_subscriptions": 0, "interactions": 0.0, "interest_similarity": 0}}
2025-02-23 00:06:25,192 - {"requesting_user": "ll", "recommended_user": "greenjeffrey", "score": 0.0, "criteria": {"hashtag_similarity": 0.0, "common_subscriptions": 0, "interactions": 0.0, "interest_similarity": 0}}
2025-02-23 00:06:25,209 - {"requesting_user": "ll", "recommended_user": "jamiecoleman", "score": 0.0, "criteria": {"hashtag_similarity": 0.0, "common_subscriptions": 0, "interactions": 0.0, "interest_similarity": 0}}
2025-02-23 00:06:25,231 - {"requesting_user": "ll", "recommended_user": "ejohnson", "score": 0.0, "criteria": {"hashtag_similarity": 0.0, "common_subscriptions": 0, "interactions": 0.0, "interest_similarity": 0}}
2025-02-23 00:06:25,243 - {"requesting_user": "ll", "recommended_user": "cmeyer", "score": 0.0, "criteria": {"hashtag_similarity": 0.0, "common_subscriptions": 0, "interactions": 0.0, "interest_similarity": 0}}
2025-02-23 00:06:25,265 - {"requesting_user": "ll", "recommended_user": "danny17", "score": 0.0, "criteria": {"hashtag_similarity": 0.0, "common_subscriptions": 0, "interactions": 0.0, "interest_similarity": 0}}
2025-02-23 00:06:25,280 - {"requesting_user": "ll", "recommended_user": "arthuracosta", "score": 0.0, "criteria": {"hashtag_similarity": 0.0, "common_subscriptions": 0, "interactions": 0.0, "interest_similarity": 0}}
2025-02-23 00:06:25,294 - {"requesting_user": "ll", "recommended_user": "vanessa35", "score": 0.0, "criteria": {"hashtag_similarity": 0.0, "common_subscriptions": 0, "interactions": 0.0, "interest_similarity": 0}}
2025-02-23 00:06:25,305 - {"requesting_user": "ll", "recommended_user": "thompsonjulia", "score": 0.0, "criteria": {"hashtag_similarity": 0.0, "common_subscriptions": 0, "interactions": 0.0, "interest_similarity": 0}}
2025-02-23 00:06:25,317 - {"requesting_user": "ll", "recommended_user": "david10", "score": 0.0, "criteria": {"hashtag_similarity": 0.0, "common_subscriptions": 0, "interactions": 0.0, "interest_similarity": 0}}
2025-02-23 00:06:25,328 - {"requesting_user": "ll", "recommended_user": "denisemartin", "score": 0.0, "criteria": {"hashtag_similarity": 0.0, "common_subscriptions": 0, "interactions": 0.0, "interest_similarity": 0}}
2025-02-23 00:06:25,338 - {"requesting_user": "ll", "recommended_user": "melvin23", "score": 0.0, "criteria": {"hashtag_similarity": 0.0, "common_subscriptions": 0, "interactions": 0.0, "interest_similarity": 0}}
2025-02-23 00:06:25,354 - {"requesting_user": "ll", "recommended_user": "ihood", "score": 0.0, "criteria": {"hashtag_similarity": 0.0, "common_subscriptions": 0, "interactions": 0.0, "interest_similarity": 0}}
2025-02-23 00:06:25,362 - {"requesting_user": "ll", "recommended_user": "crystalwilson", "score": 0.0, "criteria": {"hashtag_similarity": 0.0, "common_subscriptions": 0, "interactions": 0.0, "interest_similarity": 0}}
2025-02-23 00:06:25,375 - {"requesting_user": "ll", "recommended_user": "meyersdebbie", "score": 0.0, "criteria": {"hashtag_similarity": 0.0, "common_subscriptions": 0, "interactions": 0.0, "interest_similarity": 0}}
2025-02-23 00:06:25,387 - {"requesting_user": "ll", "recommended_user": "amberward", "score": 0.0, "criteria": {"hashtag_similarity": 0.0, "common_subscriptions": 0, "interactions": 0.0, "interest_similarity": 0}}
2025-02-23 00:06:25,399 - {"requesting_user": "ll", "recommended_user": "lewisalyssa", "score": 0.0, "criteria": {"hashtag_similarity": 0.0, "common_subscriptions": 0, "interactions": 0.0, "interest_similarity": 0}}
2025-02-23 00:06:25,412 - {"requesting_user": "ll", "recommended_user": "kmiller", "score": 0.0, "criteria": {"hashtag_similarity": 0.0, "common_subscriptions": 0, "interactions": 0.0, "interest_similarity": 0}}
2025-02-23 00:06:25,424 - {"requesting_user": "ll", "recommended_user": "meganbrown", "score": 0.0, "criteria": {"hashtag_similarity": 0.0, "common_subscriptions": 0, "interactions": 0.0, "interest_similarity": 0}}
2025-02-23 00:06:25,435 - {"requesting_user": "ll", "recommended_user": "weberkenneth", "score": 0.0, "criteria": {"hashtag_similarity": 0.0, "common_subscriptions": 0, "interactions": 0.0, "interest_similarity": 0}}
2025-02-23 00:06:25,447 - {"requesting_user": "ll", "recommended_user": "james94", "score": 0.0, "criteria": {"hashtag_similarity": 0.0, "common_subscriptions": 0, "interactions": 0.0, "interest_similarity": 0}}
2025-02-23 00:06:25,458 - {"requesting_user": "ll", "recommended_user": "jamesrichard", "score": 0.0, "criteria": {"hashtag_similarity": 0.0, "common_subscriptions": 0, "interactions": 0.0, "interest_similarity": 0}}
2025-02-23 00:06:25,468 - {"requesting_user": "ll", "recommended_user": "jenniferrosario", "score": 0.0, "criteria": {"hashtag_similarity": 0.0, "common_subscriptions": 0, "interactions": 0.0, "interest_similarity": 0}}
2025-02-23 00:06:25,482 - {"requesting_user": "ll", "recommended_user": "marilynwallace", "score": 0.0, "criteria": {"hashtag_similarity": 0.0, "common_subscriptions": 0, "interactions": 0.0, "interest_similarity": 0}}
2025-02-23 00:06:25,494 - {"requesting_user": "ll", "recommended_user": "leeamber", "score": 0.0, "criteria": {"hashtag_similarity": 0.0, "common_subscriptions": 0, "interactions": 0.0, "interest_similarity": 0}}
2025-02-23 00:06:25,505 - {"requesting_user": "ll", "recommended_user": "smiththeresa", "score": 0.0, "criteria": {"hashtag_similarity": 0.0, "common_subscriptions": 0, "interactions": 0.0, "interest_similarity": 0}}
2025-02-23 00:06:25,518 - {"requesting_user": "ll", "recommended_user": "robertsdylan", "score": 0.0, "criteria": {"hashtag_similarity": 0.0, "common_subscriptions": 0, "interactions": 0.0, "interest_similarity": 0}}
2025-02-23 00:06:25,529 - {"requesting_user": "ll", "recommended_user": "bmitchell", "score": 0.0, "criteria": {"hashtag_similarity": 0.0, "common_subscriptions": 0, "interactions": 0.0, "interest_similarity": 0}}
2025-02-23 00:06:25,538 - {"requesting_user": "ll", "recommended_user": "bergjennifer", "score": 0.0, "criteria": {"hashtag_similarity": 0.0, "common_subscriptions": 0, "interactions": 0.0, "interest_similarity": 0}}
2025-02-23 00:06:25,554 - {"requesting_user": "ll", "recommended_user": "qwhite", "score": 0.0, "criteria": {"hashtag_similarity": 0.0, "common_subscriptions": 0, "interactions": 0.0, "interest_similarity": 0}}
2025-02-23 00:06:25,565 - {"requesting_user": "ll", "recommended_user": "brandonhuff", "score": 0.0, "criteria": {"hashtag_similarity": 0.0, "common_subscriptions": 0, "interactions": 0.0, "interest_similarity": 0}}
2025-02-23 00:06:25,575 - {"requesting_user": "ll", "recommended_user": "kpowers", "score": 0.0, "criteria": {"hashtag_similarity": 0.0, "common_subscriptions": 0, "interactions": 0.0, "interest_similarity": 0}}
2025-02-23 00:06:25,586 - {"requesting_user": "ll", "recommended_user": "jameshernandez", "score": 0.0, "criteria": {"hashtag_similarity": 0.0, "common_subscriptions": 0, "interactions": 0.0, "interest_similarity": 0}}
2025-02-23 00:06:25,600 - {"requesting_user": "ll", "recommended_user": "bethanyrogers", "score": 0.0, "criteria": {"hashtag_similarity": 0.0, "common_subscriptions": 0, "interactions": 0.0, "interest_similarity": 0}}
2025-02-23 00:06:25,612 - {"requesting_user": "ll", "recommended_user": "rlopez", "score": 0.0, "criteria": {"hashtag_similarity": 0.0, "common_subscriptions": 0, "interactions": 0.0, "interest_similarity": 0}}
2025-02-23 00:06:25,625 - {"requesting_user": "ll", "recommended_user": "tammycohen", "score": 0.0, "criteria": {"hashtag_similarity": 0.0, "common_subscriptions": 0, "interactions": 0.0, "interest_similarity": 0}}
2025-02-23 00:06:25,634 - {"requesting_user": "ll", "recommended_user": "michelledickson", "score": 0.0, "criteria": {"hashtag_similarity": 0.0, "common_subscriptions": 0, "interactions": 0.0, "interest_similarity": 0}}
2025-02-23 00:06:25,647 - {"requesting_user": "ll", "recommended_user": "john05", "score": 0.0, "criteria": {"hashtag_similarity": 0.0, "common_subscriptions": 0, "interactions": 0.0, "interest_similarity": 0}}
2025-02-23 00:06:25,660 - {"requesting_user": "ll", "recommended_user": "fmarquez", "score": 0.0, "criteria": {"hashtag_similarity": 0.0, "common_subscriptions": 0, "interactions": 0.0, "interest_similarity": 0}}
2025-02-23 00:06:25,670 - {"requesting_user": "ll", "recommended_user": "amills", "score": 0.0, "criteria": {"hashtag_similarity": 0.0, "common_subscriptions": 0, "interactions": 0.0, "interest_similarity": 0}}
2025-02-23 00:06:25,683 - {"requesting_user": "ll", "recommended_user": "qnichols", "score": 0.0, "criteria": {"hashtag_similarity": 0.0, "common_subscriptions": 0, "interactions": 0.0, "interest_similarity": 0}}
2025-02-23 00:06:25,695 - {"requesting_user": "ll", "recommended_user": "pamela50", "score": 0.0, "criteria": {"hashtag_similarity": 0.0, "common_subscriptions": 0, "interactions": 0.0, "interest_similarity": 0}}
2025-02-23 00:06:25,705 - {"requesting_user": "ll", "recommended_user": "kchandler", "score": 0.0, "criteria": {"hashtag_similarity": 0.0, "common_subscriptions": 0, "interactions": 0.0, "interest_similarity": 0}}
2025-02-23 00:06:25,718 - {"requesting_user": "ll", "recommended_user": "wbailey", "score": 0.0, "criteria": {"hashtag_similarity": 0.0, "common_subscriptions": 0, "interactions": 0.0, "interest_similarity": 0}}
2025-02-23 00:06:25,730 - {"requesting_user": "ll", "recommended_user": "csmith", "score": 0.0, "criteria": {"hashtag_similarity": 0.0, "common_subscriptions": 0, "interactions": 0.0, "interest_similarity": 0}}
2025-02-23 00:06:25,740 - {"requesting_user": "ll", "recommended_user": "andrew80", "score": 0.0, "criteria": {"hashtag_similarity": 0.0, "common_subscriptions": 0, "interactions": 0.0, "interest_similarity": 0}}
2025-02-23 00:06:25,755 - {"requesting_user": "ll", "recommended_user": "svillanueva", "score": 0.0, "criteria": {"hashtag_similarity": 0.0, "common_subscriptions": 0, "interactions": 0.0, "interest_similarity": 0}}
2025-02-23 00:06:25,767 - {"requesting_user": "ll", "recommended_user": "clintoncarey", "score": 0.0, "criteria": {"hashtag_similarity": 0.0, "common_subscriptions": 0, "interactions": 0.0, "interest_similarity": 0}}
2025-02-23 00:06:25,786 - {"requesting_user": "ll", "recommended_user": "robertmack", "score": 0.0, "criteria": {"hashtag_similarity": 0.0, "common_subscriptions": 0, "interactions": 0.0, "interest_similarity": 0}}
2025-02-23 00:06:25,800 - {"requesting_user": "ll", "recommended_user": "kevin07", "score": 0.0, "criteria": {"hashtag_similarity": 0.0, "common_subscriptions": 0, "interactions": 0.0, "interest_similarity": 0}}
2025-02-23 00:06:25,817 - {"requesting_user": "ll", "recommended_user": "mmiller", "score": 0.0, "criteria": {"hashtag_similarity": 0.0, "common_subscriptions": 0, "interactions": 0.0, "interest_similarity": 0}}
2025-02-23 00:06:25,829 - {"requesting_user": "ll", "recommended_user": "aholden", "score": 0.0, "criteria": {"hashtag_similarity": 0.0, "common_subscriptions": 0, "interactions": 0.0, "interest_similarity": 0}}
2025-02-23 00:06:25,842 - {"requesting_user": "ll", "recommended_user": "zsimmons", "score": 0.0, "criteria": {"hashtag_similarity": 0.0, "common_subscriptions": 0, "interactions": 0.0, "interest_similarity": 0}}
2025-02-23 00:06:25,861 - {"requesting_user": "ll", "recommended_user": "ashley29", "score": 0.0, "criteria": {"hashtag_similarity": 0.0, "common_subscriptions": 0, "interactions": 0.0, "interest_similarity": 0}}
2025-02-23 00:06:25,879 - {"requesting_user": "ll", "recommended_user": "zday", "score": 0.0, "criteria": {"hashtag_similarity": 0.0, "common_subscriptions": 0, "interactions": 0.0, "interest_similarity": 0}}
2025-02-23 00:06:25,893 - {"requesting_user": "ll", "recommended_user": "daniellelambert", "score": 0.0, "criteria": {"hashtag_similarity": 0.0, "common_subscriptions": 0, "interactions": 0.0, "interest_similarity": 0}}
2025-02-23 00:06:25,905 - {"requesting_user": "ll", "recommended_user": "duncandale", "score": 0.0, "criteria": {"hashtag_similarity": 0.0, "common_subscriptions": 0, "interactions": 0.0, "interest_similarity": 0}}
2025-02-23 00:06:25,921 - {"requesting_user": "ll", "recommended_user": "kimberlyjones", "score": 0.0, "criteria": {"hashtag_similarity": 0.0, "common_subscriptions": 0, "interactions": 0.0, "interest_similarity": 0}}
2025-02-23 00:06:25,933 - {"requesting_user": "ll", "recommended_user": "jramsey", "score": 0.0, "criteria": {"hashtag_similarity": 0.0, "common_subscriptions": 0, "interactions": 0.0, "interest_similarity": 0}}
2025-02-23 00:06:25,948 - {"requesting_user": "ll", "recommended_user": "lisa03", "score": 0.0, "criteria": {"hashtag_similarity": 0.0, "common_subscriptions": 0, "interactions": 0.0, "interest_similarity": 0}}
2025-02-23 00:06:25,966 - {"requesting_user": "ll", "recommended_user": "michaelmorris", "score": 0.0, "criteria": {"hashtag_similarity": 0.0, "common_subscriptions": 0, "interactions": 0.0, "interest_similarity": 0}}
2025-02-23 00:06:25,982 - {"requesting_user": "ll", "recommended_user": "ibrooks", "score": 0.0, "criteria": {"hashtag_similarity": 0.0, "common_subscriptions": 0, "interactions": 0.0, "interest_similarity": 0}}
2025-02-23 00:06:25,998 - {"requesting_user": "ll", "recommended_user": "lriddle", "score": 0.0, "criteria": {"hashtag_similarity": 0.0, "common_subscriptions": 0, "interactions": 0.0, "interest_similarity": 0}}
2025-02-23 00:06:26,020 - {"requesting_user": "ll", "recommended_user": "alvarezashley", "score": 0.0, "criteria": {"hashtag_similarity": 0.0, "common_subscriptions": 0, "interactions": 0.0, "interest_similarity": 0}}
2025-02-23 00:06:26,041 - {"requesting_user": "ll", "recommended_user": "briansanchez", "score": 0.0, "criteria": {"hashtag_similarity": 0.0, "common_subscriptions": 0, "interactions": 0.0, "interest_similarity": 0}}
2025-02-23 00:06:26,061 - {"requesting_user": "ll", "recommended_user": "qjohnson", "score": 0.0, "criteria": {"hashtag_similarity": 0.0, "common_subscriptions": 0, "interactions": 0.0, "interest_similarity": 0}}
2025-02-23 00:06:26,077 - {"requesting_user": "ll", "recommended_user": "martinbailey", "score": 0.0, "criteria": {"hashtag_similarity": 0.0, "common_subscriptions": 0, "interactions": 0.0, "interest_similarity": 0}}
2025-02-23 00:06:26,088 - {"requesting_user": "ll", "recommended_user": "clairerodriguez", "score": 0.0, "criteria": {"hashtag_similarity": 0.0, "common_subscriptions": 0, "interactions": 0.0, "interest_similarity": 0}}
2025-02-23 00:06:26,100 - {"requesting_user": "ll", "recommended_user": "tonya74", "score": 0.0, "criteria": {"hashtag_similarity": 0.0, "common_subscriptions": 0, "interactions": 0.0, "interest_similarity": 0}}
2025-02-23 00:06:26,115 - {"requesting_user": "ll", "recommended_user": "karen07", "score": 0.0, "criteria": {"hashtag_similarity": 0.0, "common_subscriptions": 0, "interactions": 0.0, "interest_similarity": 0}}
2025-02-23 00:06:26,127 - {"requesting_user": "ll", "recommended_user": "matthewclark", "score": 0.0, "criteria": {"hashtag_similarity": 0.0, "common_subscriptions": 0, "interactions": 0.0, "interest_similarity": 0}}
